2018-04-24 18:31:06# 10512 # ********************************* BEGIN *********************************
2018-04-24 18:31:06# 10512 # Creating new instance of Refresher... USD
2018-04-24 18:31:06# 10512 # New instance of Refresher has been created, process id: 10356 : USD
2018-04-24 18:31:17# 10356 # ********************************* BEGIN *********************************
2018-04-24 18:31:17# 10356 # Opening workbook... C:\Power Refresh\Tests\Query XRates.xlsb
2018-04-24 18:31:18# 10356 # Workbook has been opened # 1s
2018-04-24 18:31:18# 10356 # Begin Refresh_File_One_or_No_Scopes
2018-04-24 18:31:18# 10356 # No Macro_Before
2018-04-24 18:31:18# 10356 # Starting RefreshAll
2018-04-24 18:31:33# 10356 # RefreshAll Completed # 15s
2018-04-24 18:31:33# 10356 # No Macro_After
2018-04-24 18:31:33# 10356 # Saving as C:\Power Refresh\Tests\Results\Query XRates USD 2018-04-24 183133.xlsx
2018-04-24 18:31:33# 10356 # Saved succesfully # 0s
2018-04-24 18:31:33# 10356 # Refresh Successful
2018-04-24 18:33:31# 4652 # ********************************* BEGIN *********************************
2018-04-24 18:33:31# 4652 # Creating new instance of Refresher... USD
2018-04-24 18:33:31# 4652 # New instance of Refresher has been created, process id: 10520 : USD
2018-04-24 18:33:41# 10520 # ********************************* BEGIN *********************************
2018-04-24 18:33:41# 10520 # Opening workbook... C:\Power Refresh\Tests\Query XRates.xlsb
2018-04-24 18:33:42# 10520 # Workbook has been opened # 1s
2018-04-24 18:33:42# 10520 # Begin Refresh_File_One_or_No_Scopes
2018-04-24 18:33:42# 10520 # No Macro_Before
2018-04-24 18:33:42# 10520 # Starting RefreshAll
2018-04-24 18:33:56# 10520 # RefreshAll Completed # 14s
2018-04-24 18:33:56# 10520 # No Macro_After
2018-04-24 18:33:56# 10520 # Saving as C:\Power Refresh\Tests\Results\Query XRates USD 2018-04-24 183356.xlsx
2018-04-24 18:33:56# 10520 # Saved succesfully # 0s
2018-04-24 18:33:56# 10520 # Refresh Successful
2018-04-24 18:34:01# 4652 # Process 10520 is completed # 30s
2018-04-24 18:34:01# 4652 # Creating new instance of Refresher...  CHF
2018-04-24 18:34:01# 4652 # New instance of Refresher has been created, process id: 10044 :  CHF
2018-04-24 18:35:17# 3908 # ********************************* BEGIN *********************************
2018-04-24 18:35:17# 3908 # Creating new instance of Refresher... USD
2018-04-24 18:35:17# 3908 # New instance of Refresher has been created, process id: 11552 : USD
2018-04-24 18:35:25# 11552 # ********************************* BEGIN *********************************
2018-04-24 18:35:25# 11552 # Opening workbook... C:\Power Refresh\Tests\Query XRates.xlsb
2018-04-24 18:35:26# 11552 # Workbook has been opened # 1s
2018-04-24 18:35:26# 11552 # Begin Refresh_File_One_or_No_Scopes
2018-04-24 18:35:26# 11552 # No Macro_Before
2018-04-24 18:35:26# 11552 # Starting RefreshAll
2018-04-24 18:37:06# 5528 # ********************************* BEGIN *********************************
2018-04-24 18:37:06# 5528 # Creating new instance of Refresher... USD
2018-04-24 18:37:07# 5528 # New instance of Refresher has been created, process id: 11336 : USD
2018-04-24 18:37:17# 11336 # ********************************* BEGIN *********************************
2018-04-24 18:37:17# 11336 # Opening workbook... C:\Power Refresh\Tests\Query XRates.xlsb
2018-04-24 18:37:18# 11336 # Workbook has been opened # 1s
2018-04-24 18:37:18# 11336 # Begin Refresh_File_One_or_No_Scopes
2018-04-24 18:37:18# 11336 # No Macro_Before
2018-04-24 18:37:18# 11336 # Starting RefreshAll
2018-04-24 18:46:22# 1076 # ********************************* BEGIN *********************************
2018-04-24 18:46:22# 1076 # Creating new instance of Refresher... USD
2018-04-24 18:46:22# 1076 # New instance of Refresher has been created, process id: 6068 : USD
2018-04-24 18:46:30# 6068 # ********************************* BEGIN *********************************
2018-04-24 18:46:30# 6068 # Opening workbook... C:\Power Refresh\Tests\Query XRates.xlsb
2018-04-24 18:46:31# 6068 # Workbook has been opened # 1s
2018-04-24 18:46:31# 6068 # Begin Refresh_File_One_or_No_Scopes
2018-04-24 18:46:31# 6068 # No Macro_Before
2018-04-24 18:46:31# 6068 # Starting RefreshAll
2018-04-24 18:50:38# 10632 # ********************************* BEGIN *********************************
2018-04-24 18:50:38# 10632 # Creating new instance of Refresher... USD
2018-04-24 18:50:38# 10632 # New instance of Refresher has been created, process id: 9812 : USD
2018-04-24 18:50:46# 9812 # ********************************* BEGIN *********************************
2018-04-24 18:50:46# 9812 # Opening workbook... C:\Power Refresh\Tests\Query XRates.xlsb
2018-04-24 18:50:47# 9812 # Workbook has been opened # 1s
2018-04-24 18:50:47# 9812 # Begin Refresh_File_One_or_No_Scopes
2018-04-24 18:50:47# 9812 # No Macro_Before
2018-04-24 18:50:47# 9812 # Starting RefreshAll
2018-04-24 18:52:47# 6436 # ********************************* BEGIN *********************************
2018-04-24 18:52:47# 6436 # Creating new instance of Refresher... USD
2018-04-24 18:52:47# 6436 # New instance of Refresher has been created, process id: 9484 : USD
2018-04-24 18:52:55# 9484 # ********************************* BEGIN *********************************
2018-04-24 18:52:55# 9484 # Opening workbook... C:\Power Refresh\Tests\Query XRates.xlsb
2018-04-24 18:52:56# 9484 # Workbook has been opened # 1s
2018-04-24 18:52:56# 9484 # Begin Refresh_File_One_or_No_Scopes
2018-04-24 18:52:56# 9484 # No Macro_Before
2018-04-24 18:52:56# 9484 # Starting RefreshAll
2018-05-04 11:16:22# 12932 # ********************************* BEGIN *********************************
2018-05-04 11:16:22# 12932 # Creating new instance of Refresher... USD
2018-05-04 11:16:22# 12932 # New instance of Refresher has been created, process id: 8416 : USD
2018-05-04 11:16:22# 12932 # Process 8416 is completed # 0s
2018-05-04 11:16:22# 12932 # Creating new instance of Refresher...  CHF
2018-05-04 11:16:22# 12932 # New instance of Refresher has been created, process id: 9648 :  CHF
2018-05-04 11:16:22# 12932 # Process 9648 is completed # 0s
2018-05-04 11:16:22# 12932 # Creating new instance of Refresher...  RUB
2018-05-04 11:16:22# 12932 # New instance of Refresher has been created, process id: 7784 :  RUB
2018-05-04 11:16:22# 12932 # Process 7784 is completed # 0s
2018-05-04 11:16:44# 8416 # ********************************* BEGIN *********************************
2018-05-04 11:16:44# 8416 # Opening workbook... C:\Power Refresh\Tests\Query XRates.xlsb
2018-05-04 11:16:45# 7784 # ********************************* BEGIN *********************************
2018-05-04 11:16:45# 7784 # Opening workbook... C:\Power Refresh\Tests\Query XRates.xlsb
2018-05-04 11:16:46# 8416 # Workbook has been opened # 2s
2018-05-04 11:16:46# 8416 # Begin Refresh_File_One_or_No_Scopes
2018-05-04 11:16:46# 8416 # No Macro_Before
2018-05-04 11:16:46# 8416 # Starting RefreshAll
2018-05-04 11:17:04# 8416 # RefreshAll Completed # 18s
2018-05-04 11:17:04# 8416 # No Macro_After
2018-05-04 11:17:04# 8416 # Saving as C:\Power Refresh\Tests\Results\Query XRates USD 2018-05-04 111704.xlsx
2018-05-04 11:17:04# 8416 # Saved succesfully # 0s
2018-05-04 11:17:04# 8416 # Refresh Successful
2018-05-04 11:17:05# 9648 # ********************************* BEGIN *********************************
2018-05-04 11:17:05# 9648 # Opening workbook... C:\Power Refresh\Tests\Query XRates.xlsb
2018-05-04 11:17:06# 9648 # Workbook has been opened # 1s
2018-05-04 11:17:06# 9648 # Begin Refresh_File_One_or_No_Scopes
2018-05-04 11:17:06# 9648 # No Macro_Before
2018-05-04 11:17:06# 9648 # Starting RefreshAll
2018-05-04 11:17:23# 9648 # RefreshAll Completed # 17s
2018-05-04 11:17:23# 9648 # No Macro_After
2018-05-04 11:17:23# 9648 # Saving as C:\Power Refresh\Tests\Results\Query XRates CHF 2018-05-04 111723.xlsx
2018-05-04 11:17:23# 9648 # Saved succesfully # 0s
2018-05-04 11:17:23# 9648 # Refresh Successful
2018-05-04 14:37:29# 7784 # Workbook has been opened # 12044s
2018-05-04 14:37:29# 7784 # Begin Refresh_File_One_or_No_Scopes
2018-05-04 14:37:29# 7784 # No Macro_Before
2018-05-04 14:37:29# 7784 # Starting RefreshAll
